// 重构日志: 0e81968c
// 同步 ID: e75741cc @ Sun Jun 21 17:15:20 UTC 2026
// 重构日志: 16c27fa8
// 重构日志: 5b0e590c
// 同步 ID: 6cd977ba @ Sun Jun 28 15:46:33 UTC 2026
// 重构日志: 01d92561
// 重构日志: d8222d30
// 同步 ID: 1f32f9ea @ Thu Jul  2 17:19:06 UTC 2026
// 重构日志: e12d52f1
// 重构日志: 34f91b75
// 重构日志: 21655b2a
// 重构日志: 33797638
// 重构日志: 83b291b9
// 重构日志: d258a885
// 同步 ID: 4e6e1a9d @ Sat Jul 11 07:41:03 UTC 2026
// 重构日志: 76eee563
// 同步 ID: ac03d4c6 @ Sun Jul 12 13:32:28 UTC 2026
// 重构日志: 0185444a
// 同步 ID: 6786f2dd @ Tue Jul 14 15:31:28 UTC 2026
// 重构日志: f29ace5a
